pc=0  accu=0 heap=1 sp=0 extra_args=0 trap_sp=0 stack=[]  env=<>
BRANCH 56
pc=56  accu=0 heap=1 sp=0 extra_args=0 trap_sp=0 stack=[]  env=<>
CLOSUREREC 2, 0
pc=59  accu={ 2, <2> } heap=6 sp=1 extra_args=0 trap_sp=0 stack=[{ 2, <2> }]  env=<>
CLOSUREREC 33, 0
pc=62  accu={ 33, <33> } heap=11 sp=2 extra_args=0 trap_sp=0 stack=[{ 33, <33> };{ 2, <2> }]  env=<>
CONST 3
pc=64  accu=3 heap=11 sp=2 extra_args=0 trap_sp=0 stack=[{ 33, <33> };{ 2, <2> }]  env=<>
PUSH
pc=65  accu=3 heap=11 sp=3 extra_args=0 trap_sp=0 stack=[3;{ 33, <33> };{ 2, <2> }]  env=<>
ACC 2
pc=67  accu={ 2, <2> } heap=11 sp=3 extra_args=0 trap_sp=0 stack=[3;{ 33, <33> };{ 2, <2> }]  env=<>
APPLY 1
pc=2  accu={ 2, <2> } heap=11 sp=6 extra_args=0 trap_sp=0 stack=[3;0;69;<>;{ 33, <33> };{ 2, <2> }]  env=<2>
ACC 0
pc=4  accu=3 heap=11 sp=6 extra_args=0 trap_sp=0 stack=[3;0;69;<>;{ 33, <33> };{ 2, <2> }]  env=<2>
PUSH
pc=5  accu=3 heap=11 sp=7 extra_args=0 trap_sp=0 stack=[3;3;0;69;<>;{ 33, <33> };{ 2, <2> }]  env=<2>
CONST 0
pc=7  accu=0 heap=11 sp=7 extra_args=0 trap_sp=0 stack=[3;3;0;69;<>;{ 33, <33> };{ 2, <2> }]  env=<2>
PRIM eq
pc=9  accu=0 heap=11 sp=6 extra_args=0 trap_sp=0 stack=[3;0;69;<>;{ 33, <33> };{ 2, <2> }]  env=<2>
BRANCHIFNOT 15
pc=15  accu=0 heap=11 sp=6 extra_args=0 trap_sp=0 stack=[3;0;69;<>;{ 33, <33> };{ 2, <2> }]  env=<2>
ACC 0
pc=17  accu=3 heap=11 sp=6 extra_args=0 trap_sp=0 stack=[3;0;69;<>;{ 33, <33> };{ 2, <2> }]  env=<2>
PUSH
pc=18  accu=3 heap=11 sp=7 extra_args=0 trap_sp=0 stack=[3;3;0;69;<>;{ 33, <33> };{ 2, <2> }]  env=<2>
CONST 18446744073709551615
pc=20  accu=9223372036854775807 heap=11 sp=7 extra_args=0 trap_sp=0 stack=[3;3;0;69;<>;{ 33, <33> };{ 2, <2> }]  env=<2>
PRIM +
pc=22  accu=2 heap=11 sp=6 extra_args=0 trap_sp=0 stack=[3;0;69;<>;{ 33, <33> };{ 2, <2> }]  env=<2>
PUSH
pc=23  accu=2 heap=11 sp=7 extra_args=0 trap_sp=0 stack=[2;3;0;69;<>;{ 33, <33> };{ 2, <2> }]  env=<2>
OFFSETCLOSURE
pc=24  accu={ 2, <2> } heap=14 sp=7 extra_args=0 trap_sp=0 stack=[2;3;0;69;<>;{ 33, <33> };{ 2, <2> }]  env=<2>
APPLY 1
pc=2  accu={ 2, <2> } heap=14 sp=10 extra_args=0 trap_sp=0 stack=[2;0;26;<2>;3;0;69;<>;{ 33, <33> };{ 2, <2> }]  env=<2>
ACC 0
pc=4  accu=2 heap=14 sp=10 extra_args=0 trap_sp=0 stack=[2;0;26;<2>;3;0;69;<>;{ 33, <33> };{ 2, <2> }]  env=<2>
PUSH
pc=5  accu=2 heap=14 sp=11 extra_args=0 trap_sp=0 stack=[2;2;0;26;<2>;3;0;69;<>;{ 33, <33> };{ 2, <2> }]  env=<2>
CONST 0
pc=7  accu=0 heap=14 sp=11 extra_args=0 trap_sp=0 stack=[2;2;0;26;<2>;3;0;69;<>;{ 33, <33> };{ 2, <2> }]  env=<2>
PRIM eq
pc=9  accu=0 heap=14 sp=10 extra_args=0 trap_sp=0 stack=[2;0;26;<2>;3;0;69;<>;{ 33, <33> };{ 2, <2> }]  env=<2>
BRANCHIFNOT 15
pc=15  accu=0 heap=14 sp=10 extra_args=0 trap_sp=0 stack=[2;0;26;<2>;3;0;69;<>;{ 33, <33> };{ 2, <2> }]  env=<2>
ACC 0
pc=17  accu=2 heap=14 sp=10 extra_args=0 trap_sp=0 stack=[2;0;26;<2>;3;0;69;<>;{ 33, <33> };{ 2, <2> }]  env=<2>
PUSH
pc=18  accu=2 heap=14 sp=11 extra_args=0 trap_sp=0 stack=[2;2;0;26;<2>;3;0;69;<>;{ 33, <33> };{ 2, <2> }]  env=<2>
CONST 18446744073709551615
pc=20  accu=9223372036854775807 heap=14 sp=11 extra_args=0 trap_sp=0 stack=[2;2;0;26;<2>;3;0;69;<>;{ 33, <33> };{ 2, <2> }]  env=<2>
PRIM +
pc=22  accu=1 heap=14 sp=10 extra_args=0 trap_sp=0 stack=[2;0;26;<2>;3;0;69;<>;{ 33, <33> };{ 2, <2> }]  env=<2>
PUSH
pc=23  accu=1 heap=14 sp=11 extra_args=0 trap_sp=0 stack=[1;2;0;26;<2>;3;0;69;<>;{ 33, <33> };{ 2, <2> }]  env=<2>
OFFSETCLOSURE
pc=24  accu={ 2, <2> } heap=17 sp=11 extra_args=0 trap_sp=0 stack=[1;2;0;26;<2>;3;0;69;<>;{ 33, <33> };{ 2, <2> }]  env=<2>
APPLY 1
pc=2  accu={ 2, <2> } heap=17 sp=14 extra_args=0 trap_sp=0 stack=[1;0;26;<2>;2;0;26;<2>;3;0;69;<>;{ 33, <33> };{ 2, <2> }]  env=<2>
ACC 0
pc=4  accu=1 heap=17 sp=14 extra_args=0 trap_sp=0 stack=[1;0;26;<2>;2;0;26;<2>;3;0;69;<>;{ 33, <33> };{ 2, <2> }]  env=<2>
PUSH
pc=5  accu=1 heap=17 sp=15 extra_args=0 trap_sp=0 stack=[1;1;0;26;<2>;2;0;26;<2>;3;0;69;<>;{ 33, <33> };{ 2, <2> }]  env=<2>
CONST 0
pc=7  accu=0 heap=17 sp=15 extra_args=0 trap_sp=0 stack=[1;1;0;26;<2>;2;0;26;<2>;3;0;69;<>;{ 33, <33> };{ 2, <2> }]  env=<2>
PRIM eq
pc=9  accu=0 heap=17 sp=14 extra_args=0 trap_sp=0 stack=[1;0;26;<2>;2;0;26;<2>;3;0;69;<>;{ 33, <33> };{ 2, <2> }]  env=<2>
BRANCHIFNOT 15
pc=15  accu=0 heap=17 sp=14 extra_args=0 trap_sp=0 stack=[1;0;26;<2>;2;0;26;<2>;3;0;69;<>;{ 33, <33> };{ 2, <2> }]  env=<2>
ACC 0
pc=17  accu=1 heap=17 sp=14 extra_args=0 trap_sp=0 stack=[1;0;26;<2>;2;0;26;<2>;3;0;69;<>;{ 33, <33> };{ 2, <2> }]  env=<2>
PUSH
pc=18  accu=1 heap=17 sp=15 extra_args=0 trap_sp=0 stack=[1;1;0;26;<2>;2;0;26;<2>;3;0;69;<>;{ 33, <33> };{ 2, <2> }]  env=<2>
CONST 18446744073709551615
pc=20  accu=9223372036854775807 heap=17 sp=15 extra_args=0 trap_sp=0 stack=[1;1;0;26;<2>;2;0;26;<2>;3;0;69;<>;{ 33, <33> };{ 2, <2> }]  env=<2>
PRIM +
pc=22  accu=0 heap=17 sp=14 extra_args=0 trap_sp=0 stack=[1;0;26;<2>;2;0;26;<2>;3;0;69;<>;{ 33, <33> };{ 2, <2> }]  env=<2>
PUSH
pc=23  accu=0 heap=17 sp=15 extra_args=0 trap_sp=0 stack=[0;1;0;26;<2>;2;0;26;<2>;3;0;69;<>;{ 33, <33> };{ 2, <2> }]  env=<2>
OFFSETCLOSURE
pc=24  accu={ 2, <2> } heap=20 sp=15 extra_args=0 trap_sp=0 stack=[0;1;0;26;<2>;2;0;26;<2>;3;0;69;<>;{ 33, <33> };{ 2, <2> }]  env=<2>
APPLY 1
pc=2  accu={ 2, <2> } heap=20 sp=18 extra_args=0 trap_sp=0 stack=[0;0;26;<2>;1;0;26;<2>;2;0;26;<2>;3;0;69;<>;{ 33, <33> };{ 2, <2> }]  env=<2>
ACC 0
pc=4  accu=0 heap=20 sp=18 extra_args=0 trap_sp=0 stack=[0;0;26;<2>;1;0;26;<2>;2;0;26;<2>;3;0;69;<>;{ 33, <33> };{ 2, <2> }]  env=<2>
PUSH
pc=5  accu=0 heap=20 sp=19 extra_args=0 trap_sp=0 stack=[0;0;0;26;<2>;1;0;26;<2>;2;0;26;<2>;3;0;69;<>;{ 33, <33> };{ 2, <2> }]  env=<2>
CONST 0
pc=7  accu=0 heap=20 sp=19 extra_args=0 trap_sp=0 stack=[0;0;0;26;<2>;1;0;26;<2>;2;0;26;<2>;3;0;69;<>;{ 33, <33> };{ 2, <2> }]  env=<2>
PRIM eq
pc=9  accu=1 heap=20 sp=18 extra_args=0 trap_sp=0 stack=[0;0;26;<2>;1;0;26;<2>;2;0;26;<2>;3;0;69;<>;{ 33, <33> };{ 2, <2> }]  env=<2>
BRANCHIFNOT 15
pc=11  accu=1 heap=20 sp=18 extra_args=0 trap_sp=0 stack=[0;0;26;<2>;1;0;26;<2>;2;0;26;<2>;3;0;69;<>;{ 33, <33> };{ 2, <2> }]  env=<2>
CONST 0
pc=13  accu=0 heap=20 sp=18 extra_args=0 trap_sp=0 stack=[0;0;26;<2>;1;0;26;<2>;2;0;26;<2>;3;0;69;<>;{ 33, <33> };{ 2, <2> }]  env=<2>
RETURN 1
pc=26  accu=0 heap=20 sp=14 extra_args=0 trap_sp=0 stack=[1;0;26;<2>;2;0;26;<2>;3;0;69;<>;{ 33, <33> };{ 2, <2> }]  env=<2>
PUSH
pc=27  accu=0 heap=20 sp=15 extra_args=0 trap_sp=0 stack=[0;1;0;26;<2>;2;0;26;<2>;3;0;69;<>;{ 33, <33> };{ 2, <2> }]  env=<2>
CONST 0
pc=29  accu=0 heap=20 sp=15 extra_args=0 trap_sp=0 stack=[0;1;0;26;<2>;2;0;26;<2>;3;0;69;<>;{ 33, <33> };{ 2, <2> }]  env=<2>
MAKEBLOCK 2
pc=31  accu=[0,0] heap=23 sp=14 extra_args=0 trap_sp=0 stack=[1;0;26;<2>;2;0;26;<2>;3;0;69;<>;{ 33, <33> };{ 2, <2> }]  env=<2>
RETURN 1
pc=26  accu=[0,0] heap=23 sp=10 extra_args=0 trap_sp=0 stack=[2;0;26;<2>;3;0;69;<>;{ 33, <33> };{ 2, <2> }]  env=<2>
PUSH
pc=27  accu=[0,0] heap=23 sp=11 extra_args=0 trap_sp=0 stack=[[0,0];2;0;26;<2>;3;0;69;<>;{ 33, <33> };{ 2, <2> }]  env=<2>
CONST 0
pc=29  accu=0 heap=23 sp=11 extra_args=0 trap_sp=0 stack=[[0,0];2;0;26;<2>;3;0;69;<>;{ 33, <33> };{ 2, <2> }]  env=<2>
MAKEBLOCK 2
pc=31  accu=[0,[0,0]] heap=26 sp=10 extra_args=0 trap_sp=0 stack=[2;0;26;<2>;3;0;69;<>;{ 33, <33> };{ 2, <2> }]  env=<2>
RETURN 1
pc=26  accu=[0,[0,0]] heap=26 sp=6 extra_args=0 trap_sp=0 stack=[3;0;69;<>;{ 33, <33> };{ 2, <2> }]  env=<2>
PUSH
pc=27  accu=[0,[0,0]] heap=26 sp=7 extra_args=0 trap_sp=0 stack=[[0,[0,0]];3;0;69;<>;{ 33, <33> };{ 2, <2> }]  env=<2>
CONST 0
pc=29  accu=0 heap=26 sp=7 extra_args=0 trap_sp=0 stack=[[0,[0,0]];3;0;69;<>;{ 33, <33> };{ 2, <2> }]  env=<2>
MAKEBLOCK 2
pc=31  accu=[0,[0,[0,0]]] heap=29 sp=6 extra_args=0 trap_sp=0 stack=[3;0;69;<>;{ 33, <33> };{ 2, <2> }]  env=<2>
RETURN 1
pc=69  accu=[0,[0,[0,0]]] heap=29 sp=2 extra_args=0 trap_sp=0 stack=[{ 33, <33> };{ 2, <2> }]  env=<>
PUSH
pc=70  accu=[0,[0,[0,0]]] heap=29 sp=3 extra_args=0 trap_sp=0 stack=[[0,[0,[0,0]]];{ 33, <33> };{ 2, <2> }]  env=<>
ACC 1
pc=72  accu={ 33, <33> } heap=29 sp=3 extra_args=0 trap_sp=0 stack=[[0,[0,[0,0]]];{ 33, <33> };{ 2, <2> }]  env=<>
APPLY 1
pc=33  accu={ 33, <33> } heap=29 sp=6 extra_args=0 trap_sp=0 stack=[[0,[0,[0,0]]];0;74;<>;{ 33, <33> };{ 2, <2> }]  env=<33>
ACC 0
pc=35  accu=[0,[0,[0,0]]] heap=29 sp=6 extra_args=0 trap_sp=0 stack=[[0,[0,[0,0]]];0;74;<>;{ 33, <33> };{ 2, <2> }]  env=<33>
BRANCHIFNOT 52
pc=37  accu=[0,[0,[0,0]]] heap=29 sp=6 extra_args=0 trap_sp=0 stack=[[0,[0,[0,0]]];0;74;<>;{ 33, <33> };{ 2, <2> }]  env=<33>
ACC 0
pc=39  accu=[0,[0,[0,0]]] heap=29 sp=6 extra_args=0 trap_sp=0 stack=[[0,[0,[0,0]]];0;74;<>;{ 33, <33> };{ 2, <2> }]  env=<33>
GETFIELD 1
pc=41  accu=[0,[0,0]] heap=29 sp=6 extra_args=0 trap_sp=0 stack=[[0,[0,[0,0]]];0;74;<>;{ 33, <33> };{ 2, <2> }]  env=<33>
PUSH
pc=42  accu=[0,[0,0]] heap=29 sp=7 extra_args=0 trap_sp=0 stack=[[0,[0,0]];[0,[0,[0,0]]];0;74;<>;{ 33, <33> };{ 2, <2> }]  env=<33>
OFFSETCLOSURE
pc=43  accu={ 33, <33> } heap=32 sp=7 extra_args=0 trap_sp=0 stack=[[0,[0,0]];[0,[0,[0,0]]];0;74;<>;{ 33, <33> };{ 2, <2> }]  env=<33>
APPLY 1
pc=33  accu={ 33, <33> } heap=32 sp=10 extra_args=0 trap_sp=0 stack=[[0,[0,0]];0;45;<33>;[0,[0,[0,0]]];0;74;<>;{ 33, <33> };{ 2, <2> }]  env=<33>
ACC 0
pc=35  accu=[0,[0,0]] heap=32 sp=10 extra_args=0 trap_sp=0 stack=[[0,[0,0]];0;45;<33>;[0,[0,[0,0]]];0;74;<>;{ 33, <33> };{ 2, <2> }]  env=<33>
BRANCHIFNOT 52
pc=37  accu=[0,[0,0]] heap=32 sp=10 extra_args=0 trap_sp=0 stack=[[0,[0,0]];0;45;<33>;[0,[0,[0,0]]];0;74;<>;{ 33, <33> };{ 2, <2> }]  env=<33>
ACC 0
pc=39  accu=[0,[0,0]] heap=32 sp=10 extra_args=0 trap_sp=0 stack=[[0,[0,0]];0;45;<33>;[0,[0,[0,0]]];0;74;<>;{ 33, <33> };{ 2, <2> }]  env=<33>
GETFIELD 1
pc=41  accu=[0,0] heap=32 sp=10 extra_args=0 trap_sp=0 stack=[[0,[0,0]];0;45;<33>;[0,[0,[0,0]]];0;74;<>;{ 33, <33> };{ 2, <2> }]  env=<33>
PUSH
pc=42  accu=[0,0] heap=32 sp=11 extra_args=0 trap_sp=0 stack=[[0,0];[0,[0,0]];0;45;<33>;[0,[0,[0,0]]];0;74;<>;{ 33, <33> };{ 2, <2> }]  env=<33>
OFFSETCLOSURE
pc=43  accu={ 33, <33> } heap=35 sp=11 extra_args=0 trap_sp=0 stack=[[0,0];[0,[0,0]];0;45;<33>;[0,[0,[0,0]]];0;74;<>;{ 33, <33> };{ 2, <2> }]  env=<33>
APPLY 1
pc=33  accu={ 33, <33> } heap=35 sp=14 extra_args=0 trap_sp=0 stack=[[0,0];0;45;<33>;[0,[0,0]];0;45;<33>;[0,[0,[0,0]]];0;74;<>;{ 33, <33> };{ 2, <2> }]  env=<33>
ACC 0
pc=35  accu=[0,0] heap=35 sp=14 extra_args=0 trap_sp=0 stack=[[0,0];0;45;<33>;[0,[0,0]];0;45;<33>;[0,[0,[0,0]]];0;74;<>;{ 33, <33> };{ 2, <2> }]  env=<33>
BRANCHIFNOT 52
pc=37  accu=[0,0] heap=35 sp=14 extra_args=0 trap_sp=0 stack=[[0,0];0;45;<33>;[0,[0,0]];0;45;<33>;[0,[0,[0,0]]];0;74;<>;{ 33, <33> };{ 2, <2> }]  env=<33>
ACC 0
pc=39  accu=[0,0] heap=35 sp=14 extra_args=0 trap_sp=0 stack=[[0,0];0;45;<33>;[0,[0,0]];0;45;<33>;[0,[0,[0,0]]];0;74;<>;{ 33, <33> };{ 2, <2> }]  env=<33>
GETFIELD 1
pc=41  accu=0 heap=35 sp=14 extra_args=0 trap_sp=0 stack=[[0,0];0;45;<33>;[0,[0,0]];0;45;<33>;[0,[0,[0,0]]];0;74;<>;{ 33, <33> };{ 2, <2> }]  env=<33>
PUSH
pc=42  accu=0 heap=35 sp=15 extra_args=0 trap_sp=0 stack=[0;[0,0];0;45;<33>;[0,[0,0]];0;45;<33>;[0,[0,[0,0]]];0;74;<>;{ 33, <33> };{ 2, <2> }]  env=<33>
OFFSETCLOSURE
pc=43  accu={ 33, <33> } heap=38 sp=15 extra_args=0 trap_sp=0 stack=[0;[0,0];0;45;<33>;[0,[0,0]];0;45;<33>;[0,[0,[0,0]]];0;74;<>;{ 33, <33> };{ 2, <2> }]  env=<33>
APPLY 1
pc=33  accu={ 33, <33> } heap=38 sp=18 extra_args=0 trap_sp=0 stack=[0;0;45;<33>;[0,0];0;45;<33>;[0,[0,0]];0;45;<33>;[0,[0,[0,0]]];0;74;<>;{ 33, <33> };{ 2, <2> }]  env=<33>
ACC 0
pc=35  accu=0 heap=38 sp=18 extra_args=0 trap_sp=0 stack=[0;0;45;<33>;[0,0];0;45;<33>;[0,[0,0]];0;45;<33>;[0,[0,[0,0]]];0;74;<>;{ 33, <33> };{ 2, <2> }]  env=<33>
BRANCHIFNOT 52
pc=52  accu=0 heap=38 sp=18 extra_args=0 trap_sp=0 stack=[0;0;45;<33>;[0,0];0;45;<33>;[0,[0,0]];0;45;<33>;[0,[0,[0,0]]];0;74;<>;{ 33, <33> };{ 2, <2> }]  env=<33>
CONST 0
pc=54  accu=0 heap=38 sp=18 extra_args=0 trap_sp=0 stack=[0;0;45;<33>;[0,0];0;45;<33>;[0,[0,0]];0;45;<33>;[0,[0,[0,0]]];0;74;<>;{ 33, <33> };{ 2, <2> }]  env=<33>
RETURN 1
pc=45  accu=0 heap=38 sp=14 extra_args=0 trap_sp=0 stack=[[0,0];0;45;<33>;[0,[0,0]];0;45;<33>;[0,[0,[0,0]]];0;74;<>;{ 33, <33> };{ 2, <2> }]  env=<33>
PUSH
pc=46  accu=0 heap=38 sp=15 extra_args=0 trap_sp=0 stack=[0;[0,0];0;45;<33>;[0,[0,0]];0;45;<33>;[0,[0,[0,0]]];0;74;<>;{ 33, <33> };{ 2, <2> }]  env=<33>
CONST 1
pc=48  accu=1 heap=38 sp=15 extra_args=0 trap_sp=0 stack=[0;[0,0];0;45;<33>;[0,[0,0]];0;45;<33>;[0,[0,[0,0]]];0;74;<>;{ 33, <33> };{ 2, <2> }]  env=<33>
PRIM +
pc=50  accu=1 heap=38 sp=14 extra_args=0 trap_sp=0 stack=[[0,0];0;45;<33>;[0,[0,0]];0;45;<33>;[0,[0,[0,0]]];0;74;<>;{ 33, <33> };{ 2, <2> }]  env=<33>
RETURN 1
pc=45  accu=1 heap=38 sp=10 extra_args=0 trap_sp=0 stack=[[0,[0,0]];0;45;<33>;[0,[0,[0,0]]];0;74;<>;{ 33, <33> };{ 2, <2> }]  env=<33>
PUSH
pc=46  accu=1 heap=38 sp=11 extra_args=0 trap_sp=0 stack=[1;[0,[0,0]];0;45;<33>;[0,[0,[0,0]]];0;74;<>;{ 33, <33> };{ 2, <2> }]  env=<33>
CONST 1
pc=48  accu=1 heap=38 sp=11 extra_args=0 trap_sp=0 stack=[1;[0,[0,0]];0;45;<33>;[0,[0,[0,0]]];0;74;<>;{ 33, <33> };{ 2, <2> }]  env=<33>
PRIM +
pc=50  accu=2 heap=38 sp=10 extra_args=0 trap_sp=0 stack=[[0,[0,0]];0;45;<33>;[0,[0,[0,0]]];0;74;<>;{ 33, <33> };{ 2, <2> }]  env=<33>
RETURN 1
pc=45  accu=2 heap=38 sp=6 extra_args=0 trap_sp=0 stack=[[0,[0,[0,0]]];0;74;<>;{ 33, <33> };{ 2, <2> }]  env=<33>
PUSH
pc=46  accu=2 heap=38 sp=7 extra_args=0 trap_sp=0 stack=[2;[0,[0,[0,0]]];0;74;<>;{ 33, <33> };{ 2, <2> }]  env=<33>
CONST 1
pc=48  accu=1 heap=38 sp=7 extra_args=0 trap_sp=0 stack=[2;[0,[0,[0,0]]];0;74;<>;{ 33, <33> };{ 2, <2> }]  env=<33>
PRIM +
pc=50  accu=3 heap=38 sp=6 extra_args=0 trap_sp=0 stack=[[0,[0,[0,0]]];0;74;<>;{ 33, <33> };{ 2, <2> }]  env=<33>
RETURN 1
pc=74  accu=3 heap=38 sp=2 extra_args=0 trap_sp=0 stack=[{ 33, <33> };{ 2, <2> }]  env=<>
STOP
3
